
> orbitwatch-(use-this)@0.0.0 dev
> vite


  VITE v6.4.2  ready in 230 ms

  ➜  Local:   http://localhost:3000/
  ➜  Network: http://192.168.0.2:3000/
3:27:00 PM [vite] http proxy error: /v1/health
AggregateError [ECONNREFUSED]:
    at internalConnectMultiple (node:net:1134:18)
    at afterConnectMultiple (node:net:1715:7)
3:27:01 PM [vite] http proxy error: /v1/investigations
AggregateError [ECONNREFUSED]:
    at internalConnectMultiple (node:net:1134:18)
    at afterConnectMultiple (node:net:1715:7)
3:27:01 PM [vite] http proxy error: /v1/health
AggregateError [ECONNREFUSED]:
    at internalConnectMultiple (node:net:1134:18)
    at afterConnectMultiple (node:net:1715:7)
3:27:01 PM [vite] http proxy error: /v1/investigations
AggregateError [ECONNREFUSED]:
    at internalConnectMultiple (node:net:1134:18)
    at afterConnectMultiple (node:net:1715:7)
3:27:01 PM [vite] http proxy error: /v1/health
AggregateError [ECONNREFUSED]:
    at internalConnectMultiple (node:net:1134:18)
    at afterConnectMultiple (node:net:1715:7)
3:27:01 PM [vite] http proxy error: /v1/satellites?limit=300&geoOnly=true
AggregateError [ECONNREFUSED]:
    at internalConnectMultiple (node:net:1134:18)
    at afterConnectMultiple (node:net:1715:7)
3:27:01 PM [vite] http proxy error: /v1/satellites?limit=300&geoOnly=true
AggregateError [ECONNREFUSED]:
    at internalConnectMultiple (node:net:1134:18)
    at afterConnectMultiple (node:net:1715:7)
3:27:01 PM [vite] http proxy error: /v1/mission-relay
AggregateError [ECONNREFUSED]:
    at internalConnectMultiple (node:net:1134:18)
    at afterConnectMultiple (node:net:1715:7)
3:27:01 PM [vite] http proxy error: /v1/mission-relay
AggregateError [ECONNREFUSED]:
    at internalConnectMultiple (node:net:1134:18)
    at afterConnectMultiple (node:net:1715:7)
3:27:02 PM [vite] http proxy error: /v1/mission-relay
AggregateError [ECONNREFUSED]:
    at internalConnectMultiple (node:net:1134:18)
    at afterConnectMultiple (node:net:1715:7)
3:27:02 PM [vite] http proxy error: /v1/mission-relay
AggregateError [ECONNREFUSED]:
    at internalConnectMultiple (node:net:1134:18)
    at afterConnectMultiple (node:net:1715:7)
